<?xml version="1.0" encoding="UTF-8"?>
<testsuite name="As a client, I want to delete my information from the system" tests="1" skipped="0" failures="1" errors="0" timestamp="2024-11-06T20:45:48" hostname="SANTIAGO" time="1.035">
  <properties/>
  <testcase name="Delete a new Client" classname="As a client, I want to delete my information from the system" time="1.035">
    <failure message="java.lang.AssertionError: 1 expectation failed.&#10;Expected status code &lt;200&gt; but was &lt;404&gt;.&#10;" type="java.lang.AssertionError">java.lang.AssertionError: 1 expectation failed.
Expected status code &lt;200&gt; but was &lt;404&gt;.

	at net.serenitybdd.screenplay.ErrorTally.throwSummaryExceptionFrom(ErrorTally.java:38)
	at net.serenitybdd.screenplay.ErrorTally.reportAnyErrors(ErrorTally.java:32)
	at net.serenitybdd.screenplay.Actor.should(Actor.java:397)
	at co.com.udea.calidad.busquedaVuelosA.stepdefinitions.ClientDeletionStepDefinition.theResponseShouldHaveAStatusCodeOf200(ClientDeletionStepDefinition.java:36)
	at ✽.the response should have a status code of 200(file:///C:/Users/sag71/Desktop/Me/Universidad/Calidad/practica1/src/test/resources/features/delete_client_info.feature:7)
</failure>
  </testcase>
  <system-out><![CDATA[]]></system-out>
  <system-err><![CDATA[[Test worker] INFO  - 
  _____   ___   ___   _____     ___   _____     _     ___   _____   ___   ___  
 |_   _| | __| / __| |_   _|   / __| |_   _|   /_\   | _ \ |_   _| | __| |   \ 
   | |   | _|  \__ \   | |     \__ \   | |    / _ \  |   /   | |   | _|  | |) |
   |_|   |___| |___/   |_|     |___/   |_|   /_/ \_\ |_|_\   |_|   |___| |___/ 

Delete a new Client(as-a-client--i-want-to-delete-my-information-from-the-system;delete-a-new-client)
--------------------------------------------------------------------------------
[Test worker] ERROR  - 
  _____   ___   ___   _____     ___     _     ___   _      ___   ___  
 |_   _| | __| / __| |_   _|   | __|   /_\   |_ _| | |    | __| |   \ 
   | |   | _|  \__ \   | |     | _|   / _ \   | |  | |__  | _|  | |) |
   |_|   |___| |___/   |_|     |_|   /_/ \_\ |___| |____| |___| |___/ 

Delete a new Client
-----------------------------------------------------------------------
[Test worker] ERROR  -     Test failed at step: A valid response is returned
[Test worker] ERROR  -     1 expectation failed.Expected status code <200> but was <404>.
]]></system-err>
</testsuite>
